<?xml version="1.0" encoding="UTF-8"?>
<testng-results ignored="0" total="4" passed="4" failed="0" skipped="0">
  <reporter-output>
  </reporter-output>
  <suite started-at="2024-06-06T17:30:49 IST" name="Suite" finished-at="2024-06-06T17:33:33 IST" duration-ms="164524">
    <groups>
      <group name="cucumber">
        <method signature="AbstractTestNGCucumberTests.runScenario(io.cucumber.testng.PickleWrapper,io.cucumber.testng.FeatureWrapper)[pri:0, instance:testRunner.Runner@3f4faf53]" name="runScenario" class="io.cucumber.testng.AbstractTestNGCucumberTests"/>
      </group> <!-- cucumber -->
    </groups>
    <test started-at="2024-06-06T17:30:49 IST" name="Test" finished-at="2024-06-06T17:33:33 IST" duration-ms="164524">
      <class name="testRunner.Runner">
        <test-method is-config="true" signature="setUpClass(org.testng.ITestContext)[pri:0, instance:testRunner.Runner@3f4faf53]" started-at="2024-06-06T17:30:49 IST" name="setUpClass" finished-at="2024-06-06T17:30:50 IST" duration-ms="901" status="PASS">
          <params>
            <param index="0">
              <value>
                <![CDATA[org.testng.TestRunner@53e76c11]]>
              </value>
            </param>
          </params>
          <reporter-output>
          </reporter-output>
        </test-method> <!-- setUpClass -->
        <test-method signature="runScenario(io.cucumber.testng.PickleWrapper,io.cucumber.testng.FeatureWrapper)[pri:0, instance:testRunner.Runner@3f4faf53]" started-at="2024-06-06T17:30:50 IST" name="runScenario" description="Runs Cucumber Scenarios" data-provider="scenarios" finished-at="2024-06-06T17:31:08 IST" duration-ms="18019" status="PASS">
          <params>
            <param index="0">
              <value>
                <![CDATA["Login-button Disabled"]]>
              </value>
            </param>
            <param index="1">
              <value>
                <![CDATA["Validation of Schedule a Demo Form"]]>
              </value>
            </param>
          </params>
          <reporter-output>
          </reporter-output>
        </test-method> <!-- runScenario -->
        <test-method signature="runScenario(io.cucumber.testng.PickleWrapper,io.cucumber.testng.FeatureWrapper)[pri:0, instance:testRunner.Runner@3f4faf53]" started-at="2024-06-06T17:31:08 IST" name="runScenario" description="Runs Cucumber Scenarios" data-provider="scenarios" finished-at="2024-06-06T17:31:49 IST" duration-ms="40766" status="PASS">
          <params>
            <param index="0">
              <value>
                <![CDATA["Login-button Disabled"]]>
              </value>
            </param>
            <param index="1">
              <value>
                <![CDATA["Validation of Schedule a Demo Form"]]>
              </value>
            </param>
          </params>
          <reporter-output>
          </reporter-output>
        </test-method> <!-- runScenario -->
        <test-method signature="runScenario(io.cucumber.testng.PickleWrapper,io.cucumber.testng.FeatureWrapper)[pri:0, instance:testRunner.Runner@3f4faf53]" started-at="2024-06-06T17:31:49 IST" name="runScenario" description="Runs Cucumber Scenarios" data-provider="scenarios" finished-at="2024-06-06T17:32:47 IST" duration-ms="57944" status="PASS">
          <params>
            <param index="0">
              <value>
                <![CDATA["Login-button Disabled"]]>
              </value>
            </param>
            <param index="1">
              <value>
                <![CDATA["Validation of Schedule a Demo Form"]]>
              </value>
            </param>
          </params>
          <reporter-output>
          </reporter-output>
        </test-method> <!-- runScenario -->
        <test-method signature="runScenario(io.cucumber.testng.PickleWrapper,io.cucumber.testng.FeatureWrapper)[pri:0, instance:testRunner.Runner@3f4faf53]" started-at="2024-06-06T17:32:47 IST" name="runScenario" description="Runs Cucumber Scenarios" data-provider="scenarios" finished-at="2024-06-06T17:33:33 IST" duration-ms="46746" status="PASS">
          <params>
            <param index="0">
              <value>
                <![CDATA["Login-button enabled"]]>
              </value>
            </param>
            <param index="1">
              <value>
                <![CDATA["Validation of Schedule a Demo Form"]]>
              </value>
            </param>
          </params>
          <reporter-output>
          </reporter-output>
        </test-method> <!-- runScenario -->
        <test-method is-config="true" signature="tearDownClass()[pri:0, instance:testRunner.Runner@3f4faf53]" started-at="2024-06-06T17:33:33 IST" name="tearDownClass" finished-at="2024-06-06T17:33:33 IST" duration-ms="47" status="PASS">
          <reporter-output>
          </reporter-output>
        </test-method> <!-- tearDownClass -->
      </class> <!-- testRunner.Runner -->
    </test> <!-- Test -->
  </suite> <!-- Suite -->
</testng-results>
