<?xml version="1.0" encoding="UTF-8"?>
<!-- Generated by org.testng.reporters.JUnitXMLReporter -->
<testsuite ignored="0" hostname="LTIN488249" failures="0" tests="7" name="Edge Test" time="158.106" errors="0" timestamp="2024-06-05T21:38:06 IST">
  <testcase classname="testCase.TC_01_UserDetailValidation" name="userVerification" time="70.058"/>
  <testcase classname="testCase.TC_02_DropDownValidation" name="dropDownValidation" time="7.642"/>
  <testcase classname="testCase.TC_03_AppPresenceValidation" name="appVerification" time="0.526"/>
  <testcase classname="testCase.TC_04_PresenceOfNewsLable" name="presenceOfNewsLable" time="2.303"/>
  <testcase classname="testCase.TC_05_PresenceOfAwardsLable" name="presenceOfAwardsLable" time="2.304"/>
  <testcase classname="testCase.TC_06_NewsToolTipVerification" name="verificationOfNewsTooltip" time="0.406"/>
  <testcase classname="testCase.TC_07_AwardsContentVerification" name="awardContentVerification" time="56.827"/>
</testsuite> <!-- Edge Test -->
