<?xml version="1.0" encoding="UTF-8"?>
<!-- Generated by org.testng.reporters.JUnitXMLReporter -->
<testsuite ignored="0" hostname="LTIN487229" failures="0" tests="7" name="Test" time="74.355" errors="0" timestamp="2024-03-31T17:13:08 IST">
  <testcase classname="testCase.AllInOne" name="userVerification" time="11.173"/>
  <testcase classname="testCase.AllInOne" name="dropDownValidation" time="8.915"/>
  <testcase classname="testCase.AllInOne" name="appVerification" time="0.517"/>
  <testcase classname="testCase.AllInOne" name="presenceOfNewsLable" time="2.155"/>
  <testcase classname="testCase.AllInOne" name="presenceOfAwardsLable" time="2.412"/>
  <testcase classname="testCase.AllInOne" name="verificationOfNewsTooltip" time="0.62"/>
  <testcase classname="testCase.AllInOne" name="awardContent" time="21.369"/>
</testsuite> <!-- Test -->
