<?xml version="1.0" encoding="UTF-8"?>
<testng-results ignored="0" total="14" passed="13" failed="1" skipped="0">
  <reporter-output>
  </reporter-output>
  <suite started-at="2024-06-05T21:35:27 IST" name="Suite" finished-at="2024-06-05T21:38:05 IST" duration-ms="158106">
    <groups>
    </groups>
    <test started-at="2024-06-05T21:35:27 IST" name="Chrome Test" finished-at="2024-06-05T21:37:00 IST" duration-ms="93051">
      <class name="testCase.TC_07_AwardsContentVerification">
        <test-method is-config="true" signature="beforeTest(java.lang.String)[pri:0, instance:testCase.TC_07_AwardsContentVerification@5afa3c9]" started-at="2024-06-05T21:35:28 IST" name="beforeTest" finished-at="2024-06-05T21:35:35 IST" duration-ms="7561" status="PASS">
          <params>
            <param index="0">
              <value>
                <![CDATA[Chrome]]>
              </value>
            </param>
          </params>
          <reporter-output>
          </reporter-output>
        </test-method> <!-- beforeTest -->
        <test-method signature="userVerification()[pri:0, instance:testCase.TC_07_AwardsContentVerification@5afa3c9]" started-at="2024-06-05T21:35:35 IST" name="userVerification" finished-at="2024-06-05T21:35:49 IST" duration-ms="13890" status="PASS">
          <reporter-output>
          </reporter-output>
        </test-method> <!-- userVerification -->
        <test-method signature="dropDownValidation()[pri:1, instance:testCase.TC_07_AwardsContentVerification@5afa3c9]" started-at="2024-06-05T21:35:49 IST" name="dropDownValidation" finished-at="2024-06-05T21:35:57 IST" duration-ms="7837" status="PASS">
          <reporter-output>
          </reporter-output>
        </test-method> <!-- dropDownValidation -->
        <test-method signature="appVerification()[pri:2, instance:testCase.TC_07_AwardsContentVerification@5afa3c9]" started-at="2024-06-05T21:35:57 IST" name="appVerification" finished-at="2024-06-05T21:35:59 IST" duration-ms="1724" status="PASS">
          <reporter-output>
          </reporter-output>
        </test-method> <!-- appVerification -->
        <test-method signature="presenceOfNewsLable()[pri:3, instance:testCase.TC_07_AwardsContentVerification@5afa3c9]" started-at="2024-06-05T21:35:59 IST" name="presenceOfNewsLable" finished-at="2024-06-05T21:36:01 IST" duration-ms="2417" status="PASS">
          <reporter-output>
          </reporter-output>
        </test-method> <!-- presenceOfNewsLable -->
        <test-method signature="presenceOfAwardsLable()[pri:4, instance:testCase.TC_07_AwardsContentVerification@5afa3c9]" started-at="2024-06-05T21:36:01 IST" name="presenceOfAwardsLable" finished-at="2024-06-05T21:36:03 IST" duration-ms="2426" status="PASS">
          <reporter-output>
          </reporter-output>
        </test-method> <!-- presenceOfAwardsLable -->
        <test-method signature="verificationOfNewsTooltip()[pri:5, instance:testCase.TC_07_AwardsContentVerification@5afa3c9]" started-at="2024-06-05T21:36:03 IST" name="verificationOfNewsTooltip" finished-at="2024-06-05T21:36:07 IST" duration-ms="3240" status="PASS">
          <reporter-output>
          </reporter-output>
        </test-method> <!-- verificationOfNewsTooltip -->
        <test-method signature="awardContentVerification()[pri:6, instance:testCase.TC_07_AwardsContentVerification@5afa3c9]" started-at="2024-06-05T21:36:07 IST" name="awardContentVerification" finished-at="2024-06-05T21:36:49 IST" duration-ms="42324" status="FAIL">
          <exception class="org.openqa.selenium.ElementClickInterceptedException">
            <message>
              <![CDATA[element click intercepted: Element <a class="ar_a_91bed31b" href="https://cognizantonline.sharepoint.com/sites/CorporateFunctions/SitePages/IT-Team-Wins-Two-Awards-at-the-DevOps-India-Summit-2023.aspx" role="presentation" target="_blank" data-interception="propagate" aria-hidden="true" data-is-focusable="false" tabindex="-1">...</a> is not clickable at point (177, 504). Other element would receive the click: <div class="ms-Stack custom-footer-content justify-center justify-left-tablets-or-above css-243">...</div>
  (Session info: chrome=123.0.6312.59)
Build info: version: '4.19.1', revision: 'abe0ee07dc'
System info: os.name: 'Windows 11', os.arch: 'amd64', os.version: '10.0', java.version: '17.0.9'
Driver info: org.openqa.selenium.chrome.ChromeDriver
Command: [4f032f69a1a305658383614fe03327c1, clickElement {id=f.AA337CF3573CB0F0B25DEF1AFB5C85D0.d.C886EC9675D5D29CDB1D9613FEF982B1.e.367}]
Capabilities {acceptInsecureCerts: false, browserName: chrome, browserVersion: 123.0.6312.59, chrome: {chromedriverVersion: 123.0.6312.122 (31f8248cdd9..., userDataDir: C:\WINDOWS\SystemTemp\scope...}, fedcm:accounts: true, goog:chromeOptions: {debuggerAddress: localhost:60131}, networkConnectionEnabled: false, pageLoadStrategy: normal, platformName: windows, proxy: Proxy(), se:cdp: ws://localhost:60131/devtoo..., se:cdpVersion: 123.0.6312.59, setWindowRect: true, strictFileInteractability: false, timeouts: {implicit: 0, pageLoad: 300000, script: 30000}, unhandledPromptBehavior: dismiss and notify, webauthn:extension:credBlob: true, webauthn:extension:largeBlob: true, webauthn:extension:minPinLength: true, webauthn:extension:prf: true, webauthn:virtualAuthenticators: true}
Element: [[ChromeDriver: chrome on windows (4f032f69a1a305658383614fe03327c1)] -> xpath: //div[contains(@class,'itemArea')][3]//a[@role='presentation']]
Session ID: 4f032f69a1a305658383614fe03327c1]]>
            </message>
            <full-stacktrace>
              <![CDATA[org.openqa.selenium.ElementClickInterceptedException: element click intercepted: Element <a class="ar_a_91bed31b" href="https://cognizantonline.sharepoint.com/sites/CorporateFunctions/SitePages/IT-Team-Wins-Two-Awards-at-the-DevOps-India-Summit-2023.aspx" role="presentation" target="_blank" data-interception="propagate" aria-hidden="true" data-is-focusable="false" tabindex="-1">...</a> is not clickable at point (177, 504). Other element would receive the click: <div class="ms-Stack custom-footer-content justify-center justify-left-tablets-or-above css-243">...</div>
  (Session info: chrome=123.0.6312.59)
Build info: version: '4.19.1', revision: 'abe0ee07dc'
System info: os.name: 'Windows 11', os.arch: 'amd64', os.version: '10.0', java.version: '17.0.9'
Driver info: org.openqa.selenium.chrome.ChromeDriver
Command: [4f032f69a1a305658383614fe03327c1, clickElement {id=f.AA337CF3573CB0F0B25DEF1AFB5C85D0.d.C886EC9675D5D29CDB1D9613FEF982B1.e.367}]
Capabilities {acceptInsecureCerts: false, browserName: chrome, browserVersion: 123.0.6312.59, chrome: {chromedriverVersion: 123.0.6312.122 (31f8248cdd9..., userDataDir: C:\WINDOWS\SystemTemp\scope...}, fedcm:accounts: true, goog:chromeOptions: {debuggerAddress: localhost:60131}, networkConnectionEnabled: false, pageLoadStrategy: normal, platformName: windows, proxy: Proxy(), se:cdp: ws://localhost:60131/devtoo..., se:cdpVersion: 123.0.6312.59, setWindowRect: true, strictFileInteractability: false, timeouts: {implicit: 0, pageLoad: 300000, script: 30000}, unhandledPromptBehavior: dismiss and notify, webauthn:extension:credBlob: true, webauthn:extension:largeBlob: true, webauthn:extension:minPinLength: true, webauthn:extension:prf: true, webauthn:virtualAuthenticators: true}
Element: [[ChromeDriver: chrome on windows (4f032f69a1a305658383614fe03327c1)] -> xpath: //div[contains(@class,'itemArea')][3]//a[@role='presentation']]
Session ID: 4f032f69a1a305658383614fe03327c1
at java.base/jdk.internal.reflect.NativeConstructorAccessorImpl.newInstance0(Native Method)
at java.base/jdk.internal.reflect.NativeConstructorAccessorImpl.newInstance(NativeConstructorAccessorImpl.java:77)
at java.base/jdk.internal.reflect.DelegatingConstructorAccessorImpl.newInstance(DelegatingConstructorAccessorImpl.java:45)
at java.base/java.lang.reflect.Constructor.newInstanceWithCaller(Constructor.java:499)
at java.base/java.lang.reflect.Constructor.newInstance(Constructor.java:480)
at org.openqa.selenium.remote.ErrorCodec.decode(ErrorCodec.java:167)
at org.openqa.selenium.remote.codec.w3c.W3CHttpResponseCodec.decode(W3CHttpResponseCodec.java:138)
at org.openqa.selenium.remote.codec.w3c.W3CHttpResponseCodec.decode(W3CHttpResponseCodec.java:50)
at org.openqa.selenium.remote.HttpCommandExecutor.execute(HttpCommandExecutor.java:190)
at org.openqa.selenium.remote.service.DriverCommandExecutor.invokeExecute(DriverCommandExecutor.java:216)
at org.openqa.selenium.remote.service.DriverCommandExecutor.execute(DriverCommandExecutor.java:174)
at org.openqa.selenium.remote.RemoteWebDriver.execute(RemoteWebDriver.java:518)
at org.openqa.selenium.remote.RemoteWebElement.execute(RemoteWebElement.java:223)
at org.openqa.selenium.remote.RemoteWebElement.click(RemoteWebElement.java:76)
at testCase.TC_07_AwardsContentVerification.awardContentVerification(TC_07_AwardsContentVerification.java:25)
at java.base/jdk.internal.reflect.NativeMethodAccessorImpl.invoke0(Native Method)
at java.base/jdk.internal.reflect.NativeMethodAccessorImpl.invoke(NativeMethodAccessorImpl.java:77)
at java.base/jdk.internal.reflect.DelegatingMethodAccessorImpl.invoke(DelegatingMethodAccessorImpl.java:43)
at java.base/java.lang.reflect.Method.invoke(Method.java:568)
at org.testng.internal.invokers.MethodInvocationHelper.invokeMethod(MethodInvocationHelper.java:139)
at org.testng.internal.invokers.TestInvoker.invokeMethod(TestInvoker.java:664)
at org.testng.internal.invokers.TestInvoker.invokeTestMethod(TestInvoker.java:228)
at org.testng.internal.invokers.MethodRunner.runInSequence(MethodRunner.java:63)
at org.testng.internal.invokers.TestInvoker$MethodInvocationAgent.invoke(TestInvoker.java:961)
at org.testng.internal.invokers.TestInvoker.invokeTestMethods(TestInvoker.java:201)
at org.testng.internal.invokers.TestMethodWorker.invokeTestMethods(TestMethodWorker.java:148)
at org.testng.internal.invokers.TestMethodWorker.run(TestMethodWorker.java:128)
at java.base/java.util.ArrayList.forEach(ArrayList.java:1511)
at org.testng.TestRunner.privateRun(TestRunner.java:819)
at org.testng.TestRunner.run(TestRunner.java:619)
at org.testng.SuiteRunner.runTest(SuiteRunner.java:443)
at org.testng.SuiteRunner$SuiteWorker.run(SuiteRunner.java:481)
at org.testng.internal.thread.ThreadUtil.lambda$execute$0(ThreadUtil.java:58)
at java.base/java.util.concurrent.FutureTask.run(FutureTask.java:264)
at java.base/java.util.concurrent.ThreadPoolExecutor.runWorker(ThreadPoolExecutor.java:1136)
at java.base/java.util.concurrent.ThreadPoolExecutor$Worker.run(ThreadPoolExecutor.java:635)
at java.base/java.lang.Thread.run(Thread.java:840)
]]>
            </full-stacktrace>
          </exception> <!-- org.openqa.selenium.ElementClickInterceptedException -->
          <reporter-output>
          </reporter-output>
        </test-method> <!-- awardContentVerification -->
        <test-method is-config="true" signature="tearDown()[pri:0, instance:testCase.TC_07_AwardsContentVerification@5afa3c9]" started-at="2024-06-05T21:36:49 IST" name="tearDown" finished-at="2024-06-05T21:37:00 IST" duration-ms="11410" status="PASS">
          <reporter-output>
          </reporter-output>
        </test-method> <!-- tearDown -->
      </class> <!-- testCase.TC_07_AwardsContentVerification -->
    </test> <!-- Chrome Test -->
    <test started-at="2024-06-05T21:35:27 IST" name="Edge Test" finished-at="2024-06-05T21:38:05 IST" duration-ms="158106">
      <class name="testCase.TC_07_AwardsContentVerification">
        <test-method is-config="true" signature="beforeTest(java.lang.String)[pri:0, instance:testCase.TC_07_AwardsContentVerification@305ffe9e]" started-at="2024-06-05T21:35:28 IST" name="beforeTest" finished-at="2024-06-05T21:35:34 IST" duration-ms="6524" status="PASS">
          <params>
            <param index="0">
              <value>
                <![CDATA[Edge]]>
              </value>
            </param>
          </params>
          <reporter-output>
          </reporter-output>
        </test-method> <!-- beforeTest -->
        <test-method signature="userVerification()[pri:0, instance:testCase.TC_07_AwardsContentVerification@305ffe9e]" started-at="2024-06-05T21:35:34 IST" name="userVerification" finished-at="2024-06-05T21:36:44 IST" duration-ms="70058" status="PASS">
          <reporter-output>
          </reporter-output>
        </test-method> <!-- userVerification -->
        <test-method signature="dropDownValidation()[pri:1, instance:testCase.TC_07_AwardsContentVerification@305ffe9e]" started-at="2024-06-05T21:36:44 IST" name="dropDownValidation" finished-at="2024-06-05T21:36:52 IST" duration-ms="7642" status="PASS">
          <reporter-output>
          </reporter-output>
        </test-method> <!-- dropDownValidation -->
        <test-method signature="appVerification()[pri:2, instance:testCase.TC_07_AwardsContentVerification@305ffe9e]" started-at="2024-06-05T21:36:52 IST" name="appVerification" finished-at="2024-06-05T21:36:52 IST" duration-ms="526" status="PASS">
          <reporter-output>
          </reporter-output>
        </test-method> <!-- appVerification -->
        <test-method signature="presenceOfNewsLable()[pri:3, instance:testCase.TC_07_AwardsContentVerification@305ffe9e]" started-at="2024-06-05T21:36:52 IST" name="presenceOfNewsLable" finished-at="2024-06-05T21:36:55 IST" duration-ms="2303" status="PASS">
          <reporter-output>
          </reporter-output>
        </test-method> <!-- presenceOfNewsLable -->
        <test-method signature="presenceOfAwardsLable()[pri:4, instance:testCase.TC_07_AwardsContentVerification@305ffe9e]" started-at="2024-06-05T21:36:55 IST" name="presenceOfAwardsLable" finished-at="2024-06-05T21:36:57 IST" duration-ms="2304" status="PASS">
          <reporter-output>
          </reporter-output>
        </test-method> <!-- presenceOfAwardsLable -->
        <test-method signature="verificationOfNewsTooltip()[pri:5, instance:testCase.TC_07_AwardsContentVerification@305ffe9e]" started-at="2024-06-05T21:36:57 IST" name="verificationOfNewsTooltip" finished-at="2024-06-05T21:36:57 IST" duration-ms="406" status="PASS">
          <reporter-output>
          </reporter-output>
        </test-method> <!-- verificationOfNewsTooltip -->
        <test-method signature="awardContentVerification()[pri:6, instance:testCase.TC_07_AwardsContentVerification@305ffe9e]" started-at="2024-06-05T21:36:57 IST" name="awardContentVerification" finished-at="2024-06-05T21:37:54 IST" duration-ms="56827" status="PASS">
          <reporter-output>
          </reporter-output>
        </test-method> <!-- awardContentVerification -->
        <test-method is-config="true" signature="tearDown()[pri:0, instance:testCase.TC_07_AwardsContentVerification@305ffe9e]" started-at="2024-06-05T21:37:54 IST" name="tearDown" finished-at="2024-06-05T21:38:05 IST" duration-ms="11197" status="PASS">
          <reporter-output>
          </reporter-output>
        </test-method> <!-- tearDown -->
      </class> <!-- testCase.TC_07_AwardsContentVerification -->
    </test> <!-- Edge Test -->
  </suite> <!-- Suite -->
</testng-results>
