<?xml version="1.0" encoding="UTF-8"?>
<testsuite xmlns:xsi="http://www.w3.org/2001/XMLSchema-instance" xsi:noNamespaceSchemaLocation="https://maven.apache.org/surefire/maven-surefire-plugin/xsd/surefire-test-report-3.0.xsd" version="3.0" name="testRunner.TestRunner" time="21.873" tests="1" errors="0" skipped="0" failures="0">
  <properties>
[...]
</properties>
  <testcase name="TC_HP_01 Checking whether the URL is working by Navigating to the homepage" classname="TS_001 Navigation to homepage" time="17.824">
    <system-out><![CDATA[
@Smoke
Scenario: TC_HP_01 Checking whether the URL is working by Navigating to the homepage # Features/TS_001_Home_Page.feature:4
  Then Navigate to the homepage                                                      # stepDefinitions.TC_HP_01_Home_Page.Navigate_to_the_homepage()

    Embedding TC_HP_01 Checking whether the URL is working by Navigating to the homepage [image/png 109571 bytes]

]]></system-out>
  </testcase>
</testsuite>