<?xml version="1.0" encoding="UTF-8"?>
<!-- Generated by org.testng.reporters.JUnitXMLReporter -->
<testsuite ignored="0" hostname="LTIN520538" failures="0" tests="18" name="Default test" time="34.502" errors="0" timestamp="2024-03-31T18:33:56 IST">
  <testcase classname="WorldClock.TestMain" name="userInfo" time="14.987"/>
  <testcase classname="WorldClock.TestMain" name="Test_WorldClock_Title" time="1.017"/>
  <testcase classname="WorldClock.TestMain" name="bangloreTimeZone" time="0.436"/>
  <testcase classname="WorldClock.TestMain" name="bangaloreWatchTitle" time="0.475"/>
  <testcase classname="WorldClock.TestMain" name="bangaloreTime" time="0.39"/>
  <testcase classname="WorldClock.TestMain" name="bangaloreDate" time="0.348"/>
  <testcase classname="WorldClock.TestMain" name="londonWatchTitle" time="0.084"/>
  <testcase classname="WorldClock.TestMain" name="londonTime" time="0.402"/>
  <testcase classname="WorldClock.TestMain" name="londonDate" time="0.504"/>
  <testcase classname="WorldClock.TestMain" name="londonTimeGap" time="0.438"/>
  <testcase classname="WorldClock.TestMain" name="NewYorkWatchTitle" time="0.138"/>
  <testcase classname="WorldClock.TestMain" name="NewYorkTime" time="0.419"/>
  <testcase classname="WorldClock.TestMain" name="NewYorkDate" time="0.452"/>
  <testcase classname="WorldClock.TestMain" name="NewYorkTimeGap" time="0.383"/>
  <testcase classname="WorldClock.TestMain" name="scroll" time="0.365"/>
  <testcase classname="WorldClock.TestMain" name="viewApps" time="5.541"/>
  <testcase classname="WorldClock.TestMain" name="appsAlphabet" time="1.595"/>
  <testcase classname="WorldClock.TestMain" name="randomAlphabet" time="5.856"/>
</testsuite> <!-- Default test -->
