<?xml version="1.0" encoding="UTF-8"?>
<testng-results ignored="0" total="4" passed="4" failed="0" skipped="0">
  <reporter-output>
  </reporter-output>
  <suite started-at="2024-03-28T09:22:19 IST" name="Suite" finished-at="2024-03-28T09:26:49 IST" duration-ms="270240">
    <groups>
      <group name="regression">
        <method signature="TC_001.firstPage()[pri:0, instance:testCases.TC_001@477b4cdf]" name="firstPage" class="testCases.TC_001"/>
        <method signature="TC_001.secondPage()[pri:1, instance:testCases.TC_001@477b4cdf]" name="secondPage" class="testCases.TC_001"/>
        <method signature="TC_001.firstPage()[pri:0, instance:testCases.TC_001@6c40365c]" name="firstPage" class="testCases.TC_001"/>
        <method signature="TC_001.secondPage()[pri:1, instance:testCases.TC_001@6c40365c]" name="secondPage" class="testCases.TC_001"/>
      </group> <!-- regression -->
    </groups>
    <test started-at="2024-03-28T09:22:19 IST" name="Test2" finished-at="2024-03-28T09:26:30 IST" duration-ms="251483">
      <class name="testCases.TC_001">
        <test-method is-config="true" signature="setup(java.lang.String,java.lang.String)[pri:0, instance:testCases.TC_001@6c40365c]" started-at="2024-03-28T09:22:19 IST" name="setup" finished-at="2024-03-28T09:22:36 IST" duration-ms="16842" status="PASS">
          <params>
            <param index="0">
              <value>
                <![CDATA[edge]]>
              </value>
            </param>
            <param index="1">
              <value>
                <![CDATA[https://be.cognizant.com/]]>
              </value>
            </param>
          </params>
          <reporter-output>
          </reporter-output>
        </test-method> <!-- setup -->
        <test-method signature="firstPage()[pri:0, instance:testCases.TC_001@6c40365c]" started-at="2024-03-28T09:22:36 IST" name="firstPage" finished-at="2024-03-28T09:22:59 IST" duration-ms="22172" status="PASS">
          <reporter-output>
          </reporter-output>
        </test-method> <!-- firstPage -->
        <test-method signature="secondPage()[pri:1, instance:testCases.TC_001@6c40365c]" started-at="2024-03-28T09:22:59 IST" name="secondPage" finished-at="2024-03-28T09:26:19 IST" duration-ms="200556" status="PASS">
          <reporter-output>
          </reporter-output>
        </test-method> <!-- secondPage -->
        <test-method is-config="true" signature="tearDown()[pri:0, instance:testCases.TC_001@6c40365c]" started-at="2024-03-28T09:26:19 IST" name="tearDown" finished-at="2024-03-28T09:26:30 IST" duration-ms="11224" status="PASS">
          <reporter-output>
          </reporter-output>
        </test-method> <!-- tearDown -->
      </class> <!-- testCases.TC_001 -->
    </test> <!-- Test2 -->
    <test started-at="2024-03-28T09:22:19 IST" name="Test1" finished-at="2024-03-28T09:26:49 IST" duration-ms="270240">
      <class name="testCases.TC_001">
        <test-method is-config="true" signature="setup(java.lang.String,java.lang.String)[pri:0, instance:testCases.TC_001@477b4cdf]" started-at="2024-03-28T09:22:19 IST" name="setup" finished-at="2024-03-28T09:22:39 IST" duration-ms="19907" status="PASS">
          <params>
            <param index="0">
              <value>
                <![CDATA[chrome]]>
              </value>
            </param>
            <param index="1">
              <value>
                <![CDATA[https://be.cognizant.com/]]>
              </value>
            </param>
          </params>
          <reporter-output>
          </reporter-output>
        </test-method> <!-- setup -->
        <test-method signature="firstPage()[pri:0, instance:testCases.TC_001@477b4cdf]" started-at="2024-03-28T09:22:39 IST" name="firstPage" finished-at="2024-03-28T09:23:06 IST" duration-ms="27015" status="PASS">
          <reporter-output>
          </reporter-output>
        </test-method> <!-- firstPage -->
        <test-method signature="secondPage()[pri:1, instance:testCases.TC_001@477b4cdf]" started-at="2024-03-28T09:23:06 IST" name="secondPage" finished-at="2024-03-28T09:26:38 IST" duration-ms="211611" status="PASS">
          <reporter-output>
          </reporter-output>
        </test-method> <!-- secondPage -->
        <test-method is-config="true" signature="tearDown()[pri:0, instance:testCases.TC_001@477b4cdf]" started-at="2024-03-28T09:26:38 IST" name="tearDown" finished-at="2024-03-28T09:26:49 IST" duration-ms="11117" status="PASS">
          <reporter-output>
          </reporter-output>
        </test-method> <!-- tearDown -->
      </class> <!-- testCases.TC_001 -->
    </test> <!-- Test1 -->
  </suite> <!-- Suite -->
</testng-results>
