<?xml version="1.0" encoding="UTF-8"?>
<!-- Generated by org.testng.reporters.JUnitXMLReporter -->
<testsuite ignored="13" hostname="LTIN488151" failures="0" tests="5" name="Test" time="27.233" errors="0" timestamp="2024-03-29T10:52:27 IST">
  <testcase classname="WorldClock.TestMain" name="userInfo" time="11.553"/>
  <testcase classname="WorldClock.TestMain" name="Test_WorldClock_Title" time="0.377"/>
  <testcase classname="WorldClock.TestMain" name="viewApps" time="7.576"/>
  <testcase classname="WorldClock.TestMain" name="appsAlphabet" time="1.177"/>
  <testcase classname="WorldClock.TestMain" name="randomAlphabet" time="6.331"/>
  <testcase classname="WorldClock.TestMain" name="NewYorkDate" time="0.0">
    <ignored/>
  </testcase> <!-- NewYorkDate -->
  <testcase classname="WorldClock.TestMain" name="bangaloreTime" time="0.0">
    <ignored/>
  </testcase> <!-- bangaloreTime -->
  <testcase classname="WorldClock.TestMain" name="scroll" time="0.0">
    <ignored/>
  </testcase> <!-- scroll -->
  <testcase classname="WorldClock.TestMain" name="NewYorkTimeGap" time="0.0">
    <ignored/>
  </testcase> <!-- NewYorkTimeGap -->
  <testcase classname="WorldClock.TestMain" name="NewYorkTime" time="0.0">
    <ignored/>
  </testcase> <!-- NewYorkTime -->
  <testcase classname="WorldClock.TestMain" name="londonWatchTitle" time="0.0">
    <ignored/>
  </testcase> <!-- londonWatchTitle -->
  <testcase classname="WorldClock.TestMain" name="londonTime" time="0.0">
    <ignored/>
  </testcase> <!-- londonTime -->
  <testcase classname="WorldClock.TestMain" name="bangloreTimeZone" time="0.0">
    <ignored/>
  </testcase> <!-- bangloreTimeZone -->
  <testcase classname="WorldClock.TestMain" name="NewYorkWatchTitle" time="0.0">
    <ignored/>
  </testcase> <!-- NewYorkWatchTitle -->
  <testcase classname="WorldClock.TestMain" name="londonTimeGap" time="0.0">
    <ignored/>
  </testcase> <!-- londonTimeGap -->
  <testcase classname="WorldClock.TestMain" name="bangaloreWatchTitle" time="0.0">
    <ignored/>
  </testcase> <!-- bangaloreWatchTitle -->
  <testcase classname="WorldClock.TestMain" name="bangaloreDate" time="0.0">
    <ignored/>
  </testcase> <!-- bangaloreDate -->
  <testcase classname="WorldClock.TestMain" name="londonDate" time="0.0">
    <ignored/>
  </testcase> <!-- londonDate -->
</testsuite> <!-- Test -->
