<?xml version="1.0" encoding="UTF-8"?>
<!-- Generated by org.testng.reporters.JUnitXMLReporter -->
<testsuite ignored="2" hostname="LTIN487229" failures="0" tests="1" name="ChromeTest(failed)(failed)" time="60.902" errors="0" timestamp="2024-04-08T14:43:20 IST">
  <testcase classname="testCase.TS_02_ValidationOfScheduling" name="validationOfThankYouMessage" time="42.733"/>
  <testcase classname="testCase.TS_02_ValidationOfScheduling" name="isHealthIsClickable" time="0.0">
    <ignored/>
  </testcase> <!-- isHealthIsClickable -->
  <testcase classname="testCase.TS_02_ValidationOfScheduling" name="withAllValidDetails" time="0.0">
    <ignored/>
  </testcase> <!-- withAllValidDetails -->
</testsuite> <!-- ChromeTest(failed)(failed) -->
